<?xml version="1.0" encoding="UTF-8"?>
<testng-results skipped="0" failed="0" total="1" passed="1">
  <reporter-output>
  </reporter-output>
  <suite name="Default suite" duration-ms="24" started-at="2020-07-16T10:09:50Z" finished-at="2020-07-16T10:09:50Z">
    <groups>
    </groups>
    <test name="Default test" duration-ms="24" started-at="2020-07-16T10:09:50Z" finished-at="2020-07-16T10:09:50Z">
      <class name="assignment.java.Java_Assign9">
        <test-method status="PASS" signature="htmlfiletable()[pri:0, instance:assignment.java.Java_Assign9@49e4cb85]" name="htmlfiletable" duration-ms="12" started-at="2020-07-16T15:39:50Z" finished-at="2020-07-16T15:39:50Z">
          <reporter-output>
          </reporter-output>
        </test-method> <!-- htmlfiletable -->
      </class> <!-- assignment.java.Java_Assign9 -->
    </test> <!-- Default test -->
  </suite> <!-- Default suite -->
</testng-results>
